<?xml version="1.0" encoding="UTF-8"?>
<testsuite name="com.codurance.marsrover.RoverShould" tests="2" skipped="0" failures="0" errors="0" timestamp="2021-03-29T10:30:03" hostname="codurances-MacBook-Pro.local" time="0.139">
  <properties/>
  <testcase name="[1] O:0:3:N, MMMM" classname="com.codurance.marsrover.RoverShould" time="0.104"/>
  <testcase name="[2] O:2:0:E, RMMM" classname="com.codurance.marsrover.RoverShould" time="0.013"/>
  <system-out><![CDATA[]]></system-out>
  <system-err><![CDATA[]]></system-err>
</testsuite>
